<?xml version="1.0" encoding="UTF-8"?>
<!-- Generated by org.testng.reporters.JUnitXMLReporter -->
<testsuite ignored="0" hostname="devvm" failures="0" tests="10" name="LoginTests" time="189.717" errors="0" timestamp="2024-08-16T10:06:42 IST">
  <testcase classname="com.AssetManagement.Testcases.TC_Login_01" name="verifySuccessfulLogin" time="4.934"/>
  <testcase classname="com.AssetManagement.Testcases.TC_Logout_02" name="verifySuccessfulLogout" time="3.631"/>
  <testcase classname="com.AssetManagement.Testcases.TC_Login_03" name="verifyInvalidLogin" time="1.266"/>
  <testcase classname="com.AssetManagement.Testcases.TC_Login_04" name="verifyEmptyUsernamePasswordLogin" time="1.03"/>
  <testcase classname="com.AssetManagement.Testcases.TC_Login_05" name="verifyInvalidLogin" time="1.313"/>
  <testcase classname="com.AssetManagement.Testcases.TC_Login_06" name="verifyInvalidPasswordLogin" time="1.296"/>
  <testcase classname="com.AssetManagement.Testcases.TC_Login_07" name="verifyEmptyUsernameLogin" time="1.151"/>
  <testcase classname="com.AssetManagement.Testcases.TC_Login_08" name="verifyEmptyPasswordLogin" time="1.105"/>
  <testcase classname="com.AssetManagement.Testcases.TC_Login_09" name="verifySuccessfulLoginRole" time="3.308"/>
  <testcase classname="com.AssetManagement.Testcases.TC_Login_10" name="verifyInactiveUserLogin" time="3.502"/>
</testsuite> <!-- LoginTests -->
